<?xml version="1.0" encoding="UTF-8"?>
<testsuite name="static_section.extractor.dependency.inheritance.InheritanceExtractorTest" tests="5" skipped="0" failures="0" errors="0" timestamp="2021-03-03T03:56:29" hostname="MSI" time="0.009">
  <properties/>
  <testcase name="checkIfInterface_testIsNotInterface" classname="static_section.extractor.dependency.inheritance.InheritanceExtractorTest" time="0.007"/>
  <testcase name="isObjectInheritedFrom_testInherited" classname="static_section.extractor.dependency.inheritance.InheritanceExtractorTest" time="0.001"/>
  <testcase name="getChildren_testChildrenOfInterfaces" classname="static_section.extractor.dependency.inheritance.InheritanceExtractorTest" time="0.0"/>
  <testcase name="getChildren_testChildrenOfClasses" classname="static_section.extractor.dependency.inheritance.InheritanceExtractorTest" time="0.0"/>
  <testcase name="checkIfInterface_testIsInterface" classname="static_section.extractor.dependency.inheritance.InheritanceExtractorTest" time="0.0"/>
  <system-out><![CDATA[]]></system-out>
  <system-err><![CDATA[]]></system-err>
</testsuite>
