<?xml version="1.0" encoding="UTF-8"?>
<testsuite name="static_section.extractor.dependency.use_relationship.UseRelationshipTest" tests="4" skipped="0" failures="0" errors="0" timestamp="2021-03-03T03:56:29" hostname="MSI" time="0.589">
  <properties/>
  <testcase name="isObjectUsedByAnother_testItIsUsedInMethod" classname="static_section.extractor.dependency.use_relationship.UseRelationshipTest" time="0.584"/>
  <testcase name="isObjectUsedByAnother_testItIsUsedAsVariable" classname="static_section.extractor.dependency.use_relationship.UseRelationshipTest" time="0.002"/>
  <testcase name="isObjectUsedByAnother_testUsedAsInheritance" classname="static_section.extractor.dependency.use_relationship.UseRelationshipTest" time="0.001"/>
  <testcase name="isObjectUsedByAnother_testItIsUsedAsMethodParam" classname="static_section.extractor.dependency.use_relationship.UseRelationshipTest" time="0.001"/>
  <system-out><![CDATA[{Parent=used: [], usedBy: [], Child2=used: [], usedBy: [Child1], Child1=used: [Child2], usedBy: []}
{Parent=used: [], usedBy: [], Child2=used: [], usedBy: [Child1], Child1=used: [Child2], usedBy: []}
{Parent=used: [], usedBy: [], Child2=used: [], usedBy: [Child1], Child1=used: [Child2], usedBy: []}
{Parent=used: [], usedBy: [], Child2=used: [], usedBy: [Child1], Child1=used: [Child2], usedBy: []}
]]></system-out>
  <system-err><![CDATA[]]></system-err>
</testsuite>
